<?xml version="1.0" encoding="UTF-8"?>
<!-- Generated by org.testng.reporters.JUnitReportReporter -->
<testsuite hostname="titas" name="testcases.testFacebookPostPage" tests="2" failures="0" timestamp="12 Jul 2017 10:53:16 GMT" time="1.324" errors="0">
  <testcase name="test_clickPostButton" time="0.350" classname="testcases.testFacebookPostPage"/>
  <testcase name="test_Post" time="0.974" classname="testcases.testFacebookPostPage"/>
</testsuite> <!-- testcases.testFacebookPostPage -->
