<?xml version="1.0" encoding="UTF-8"?>
<!-- Generated by org.testng.reporters.JUnitReportReporter -->
<testsuite hostname="titas" name="testcases.testFacebookLoginPage" tests="1" failures="0" timestamp="12 Jul 2017 10:53:16 GMT" time="14.240" errors="0">
  <testcase name="test_Login" time="14.240" classname="testcases.testFacebookLoginPage"/>
</testsuite> <!-- testcases.testFacebookLoginPage -->
